update-alternatives 2021-06-13 22:02:34: run with --install /usr/bin/fakeroot fakeroot /usr/bin/fakeroot-sysv 50 --slave /usr/share/man/man1/fakeroot.1.gz fakeroot.1.gz /usr/share/man/man1/fakeroot-sysv.1.gz --slave /usr/share/man/man1/faked.1.gz faked.1.gz /usr/share/man/man1/faked-sysv.1.gz --slave /usr/share/man/es/man1/fakeroot.1.gz fakeroot.es.1.gz /usr/share/man/es/man1/fakeroot-sysv.1.gz --slave /usr/share/man/es/man1/faked.1.gz faked.es.1.gz /usr/share/man/es/man1/faked-sysv.1.gz --slave /usr/share/man/fr/man1/fakeroot.1.gz fakeroot.fr.1.gz /usr/share/man/fr/man1/fakeroot-sysv.1.gz --slave /usr/share/man/fr/man1/faked.1.gz faked.fr.1.gz /usr/share/man/fr/man1/faked-sysv.1.gz --slave /usr/share/man/sv/man1/fakeroot.1.gz fakeroot.sv.1.gz /usr/share/man/sv/man1/fakeroot-sysv.1.gz --slave /usr/share/man/sv/man1/faked.1.gz faked.sv.1.gz /usr/share/man/sv/man1/faked-sysv.1.gz
update-alternatives 2021-06-13 22:02:34: link group fakeroot updated to point to /usr/bin/fakeroot-sysv
update-alternatives 2021-06-13 22:02:34: run with --install /usr/bin/fakeroot fakeroot /usr/bin/fakeroot-tcp 30 --slave /usr/share/man/man1/fakeroot.1.gz fakeroot.1.gz /usr/share/man/man1/fakeroot-tcp.1.gz --slave /usr/share/man/man1/faked.1.gz faked.1.gz /usr/share/man/man1/faked-tcp.1.gz --slave /usr/share/man/es/man1/fakeroot.1.gz fakeroot.es.1.gz /usr/share/man/es/man1/fakeroot-tcp.1.gz --slave /usr/share/man/es/man1/faked.1.gz faked.es.1.gz /usr/share/man/es/man1/faked-tcp.1.gz --slave /usr/share/man/fr/man1/fakeroot.1.gz fakeroot.fr.1.gz /usr/share/man/fr/man1/fakeroot-tcp.1.gz --slave /usr/share/man/fr/man1/faked.1.gz faked.fr.1.gz /usr/share/man/fr/man1/faked-tcp.1.gz --slave /usr/share/man/sv/man1/fakeroot.1.gz fakeroot.sv.1.gz /usr/share/man/sv/man1/fakeroot-tcp.1.gz --slave /usr/share/man/sv/man1/faked.1.gz faked.sv.1.gz /usr/share/man/sv/man1/faked-tcp.1.gz
update-alternatives 2021-06-13 22:02:34: run with --install /usr/lib/x86_64-linux-gnu/libblas.so.3 libblas.so.3-x86_64-linux-gnu /usr/lib/x86_64-linux-gnu/blas/libblas.so.3 10
update-alternatives 2021-06-13 22:02:34: link group libblas.so.3-x86_64-linux-gnu updated to point to /usr/lib/x86_64-linux-gnu/blas/libblas.so.3
update-alternatives 2021-06-13 22:02:36: run with --install /usr/lib/x86_64-linux-gnu/libpsm_infinipath.so.1 libpsm_infinipath.so.1 /usr/lib/libpsm1/libpsm_infinipath.so.1.16 40
update-alternatives 2021-06-13 22:02:36: link group libpsm_infinipath.so.1 updated to point to /usr/lib/libpsm1/libpsm_infinipath.so.1.16
update-alternatives 2021-06-13 22:02:36: run with --install /usr/lib/x86_64-linux-gnu/libblas.so libblas.so-x86_64-linux-gnu /usr/lib/x86_64-linux-gnu/blas/libblas.so 10 --slave /usr/lib/x86_64-linux-gnu/libblas.a libblas.a-x86_64-linux-gnu /usr/lib/x86_64-linux-gnu/blas/libblas.a --slave /usr/include/x86_64-linux-gnu/cblas.h cblas.h-x86_64-linux-gnu /usr/include/x86_64-linux-gnu/cblas-netlib.h --slave /usr/lib/x86_64-linux-gnu/pkgconfig/blas.pc blas.pc-x86_64-linux-gnu /usr/lib/x86_64-linux-gnu/pkgconfig/blas-netlib.pc
update-alternatives 2021-06-13 22:02:36: link group libblas.so-x86_64-linux-gnu updated to point to /usr/lib/x86_64-linux-gnu/blas/libblas.so
update-alternatives 2021-06-13 22:02:36: run with --install /usr/bin/automake automake /usr/bin/automake-1.16 34 --slave /usr/bin/aclocal aclocal /usr/bin/aclocal-1.16 --slave /usr/share/man/man1/automake.1.gz automake.1.gz /usr/share/man/man1/automake-1.16.1.gz --slave /usr/share/man/man1/aclocal.1.gz aclocal.1.gz /usr/share/man/man1/aclocal-1.16.1.gz
update-alternatives 2021-06-13 22:02:36: link group automake updated to point to /usr/bin/automake-1.16
update-alternatives 2021-06-13 22:02:36: run with --install /usr/lib/x86_64-linux-gnu/liblapack.so.3 liblapack.so.3-x86_64-linux-gnu /usr/lib/x86_64-linux-gnu/lapack/liblapack.so.3 10
update-alternatives 2021-06-13 22:02:36: link group liblapack.so.3-x86_64-linux-gnu updated to point to /usr/lib/x86_64-linux-gnu/lapack/liblapack.so.3
update-alternatives 2021-06-13 22:02:37: run with --install /usr/lib/x86_64-linux-gnu/liblapack.so liblapack.so-x86_64-linux-gnu /usr/lib/x86_64-linux-gnu/lapack/liblapack.so 10 --slave /usr/lib/x86_64-linux-gnu/liblapack.a liblapack.a-x86_64-linux-gnu /usr/lib/x86_64-linux-gnu/lapack/liblapack.a --slave /usr/lib/x86_64-linux-gnu/pkgconfig/lapack.pc lapack.pc-x86_64-linux-gnu /usr/lib/x86_64-linux-gnu/pkgconfig/lapack-netlib.pc
update-alternatives 2021-06-13 22:02:37: link group liblapack.so-x86_64-linux-gnu updated to point to /usr/lib/x86_64-linux-gnu/lapack/liblapack.so
update-alternatives 2021-06-13 22:02:41: run with --quiet --install /lib/cpp cpp /usr/bin/cpp 10
update-alternatives 2021-06-13 22:02:41: link group cpp updated to point to /usr/bin/cpp
update-alternatives 2021-06-13 22:02:41: run with --quiet --install /usr/bin/cc cc /usr/bin/gcc 20 --slave /usr/share/man/man1/cc.1.gz cc.1.gz /usr/share/man/man1/gcc.1.gz
update-alternatives 2021-06-13 22:02:41: link group cc updated to point to /usr/bin/gcc
update-alternatives 2021-06-13 22:02:41: run with --quiet --install /usr/bin/c89 c89 /usr/bin/c89-gcc 20 --slave /usr/share/man/man1/c89.1.gz c89.1.gz /usr/share/man/man1/c89-gcc.1.gz
update-alternatives 2021-06-13 22:02:41: link group c89 updated to point to /usr/bin/c89-gcc
update-alternatives 2021-06-13 22:02:41: run with --quiet --install /usr/bin/c99 c99 /usr/bin/c99-gcc 20 --slave /usr/share/man/man1/c99.1.gz c99.1.gz /usr/share/man/man1/c99-gcc.1.gz
update-alternatives 2021-06-13 22:02:41: link group c99 updated to point to /usr/bin/c99-gcc
update-alternatives 2021-06-13 22:02:42: run with --install /usr/bin/c++ c++ /usr/bin/g++ 20 --slave /usr/share/man/man1/c++.1.gz c++.1.gz /usr/share/man/man1/g++.1.gz
update-alternatives 2021-06-13 22:02:42: link group c++ updated to point to /usr/bin/g++
update-alternatives 2021-06-13 22:02:54: run with --install /usr/bin/f95 f95 /usr/bin/gfortran 20 --slave /usr/share/man/man1/f95.1.gz f95.1.gz /usr/share/man/man1/gfortran.1.gz
update-alternatives 2021-06-13 22:02:54: link group f95 updated to point to /usr/bin/gfortran
update-alternatives 2021-06-13 22:02:54: run with --install /usr/bin/f77 f77 /usr/bin/gfortran 20 --slave /usr/share/man/man1/f77.1.gz f77.1.gz /usr/share/man/man1/gfortran.1.gz
update-alternatives 2021-06-13 22:02:54: link group f77 updated to point to /usr/bin/gfortran
update-alternatives 2021-06-13 22:02:54: run with --install /usr/bin/mpirun mpirun /usr/bin/mpirun.openmpi 50 --slave /usr/share/man/man1/mpirun.1.gz mpirun.1.gz /usr/share/man/man1/mpirun.openmpi.1.gz --slave /usr/bin/mpiexec mpiexec /usr/bin/mpiexec.openmpi --slave /usr/share/man/man1/mpiexec.1.gz mpiexec.1.gz /usr/share/man/man1/mpiexec.openmpi.1.gz
update-alternatives 2021-06-13 22:02:54: link group mpirun updated to point to /usr/bin/mpirun.openmpi
update-alternatives 2021-06-13 22:02:54: run with --install /usr/bin/mpicc mpi /usr/bin/mpicc.openmpi 50 --slave /usr/bin/mpic++ mpic++ /usr/bin/mpic++.openmpi --slave /usr/bin/mpicxx mpicxx /usr/bin/mpic++.openmpi --slave /usr/bin/mpiCC mpiCC /usr/bin/mpic++.openmpi --slave /usr/bin/mpif77 mpif77 /usr/bin/mpif77.openmpi --slave /usr/bin/mpif90 mpif90 /usr/bin/mpif90.openmpi --slave /usr/bin/mpifort mpifort /usr/bin/mpifort.openmpi --slave /usr/share/man/man1/mpicc.1.gz mpicc.1.gz /usr/share/man/man1/mpicc.openmpi.1.gz --slave /usr/share/man/man1/mpic++.1.gz mpic++.1.gz /usr/share/man/man1/mpic++.openmpi.1.gz --slave /usr/share/man/man1/mpicxx.1.gz mpicxx.1.gz /usr/share/man/man1/mpicxx.openmpi.1.gz --slave /usr/share/man/man1/mpiCC.1.gz mpiCC.1.gz /usr/share/man/man1/mpiCC.openmpi.1.gz --slave /usr/share/man/man1/mpif77.1.gz mpif77.1.gz /usr/share/man/man1/mpif77.openmpi.1.gz --slave /usr/share/man/man1/mpif90.1.gz mpif90.1.gz /usr/share/man/man1/mpif90.openmpi.1.gz --slave /usr/share/man/man1/mpifort.1.gz mpifort.1.gz /usr/share/man/man1/mpifort.openmpi.1.gz
update-alternatives 2021-06-13 22:02:54: link group mpi updated to point to /usr/bin/mpicc.openmpi
update-alternatives 2021-06-13 22:02:55: run with --install /usr/include/x86_64-linux-gnu/mpi mpi-x86_64-linux-gnu /usr/lib/x86_64-linux-gnu/openmpi/include 50 --slave /usr/lib/x86_64-linux-gnu/libmpi.so libmpi.so-x86_64-linux-gnu /usr/lib/x86_64-linux-gnu/openmpi/lib/libmpi.so --slave /usr/lib/x86_64-linux-gnu/libmpi++.so libmpi++.so-x86_64-linux-gnu /usr/lib/x86_64-linux-gnu/openmpi/lib/libmpi_cxx.so --slave /usr/lib/x86_64-linux-gnu/pkgconfig/mpi.pc mpi.pc-x86_64-linux-gnu /usr/lib/x86_64-linux-gnu/pkgconfig/ompi.pc --slave /usr/lib/x86_64-linux-gnu/pkgconfig/mpi-fort.pc mpi-fort.pc-x86_64-linux-gnu /usr/lib/x86_64-linux-gnu/pkgconfig/ompi-fort.pc --slave /usr/lib/x86_64-linux-gnu/pkgconfig/mpi-c.pc mpi-c.pc-x86_64-linux-gnu /usr/lib/x86_64-linux-gnu/pkgconfig/ompi-c.pc --slave /usr/lib/x86_64-linux-gnu/pkgconfig/mpi-cxx.pc mpi-cxx.pc-x86_64-linux-gnu /usr/lib/x86_64-linux-gnu/pkgconfig/ompi-cxx.pc
update-alternatives 2021-06-13 22:02:55: link group mpi-x86_64-linux-gnu updated to point to /usr/lib/x86_64-linux-gnu/openmpi/include
update-alternatives 2021-07-13 20:59:17: run with --install /usr/bin/rmid rmid /usr/lib/jvm/java-8-openjdk-amd64/jre/bin/rmid 1081 --slave /usr/share/man/man1/rmid.1.gz rmid.1.gz /usr/lib/jvm/java-8-openjdk-amd64/jre/man/man1/rmid.1.gz
update-alternatives 2021-07-13 20:59:17: link group rmid updated to point to /usr/lib/jvm/java-8-openjdk-amd64/jre/bin/rmid
update-alternatives 2021-07-13 20:59:17: run with --install /usr/bin/java java /usr/lib/jvm/java-8-openjdk-amd64/jre/bin/java 1081 --slave /usr/share/man/man1/java.1.gz java.1.gz /usr/lib/jvm/java-8-openjdk-amd64/jre/man/man1/java.1.gz
update-alternatives 2021-07-13 20:59:17: link group java updated to point to /usr/lib/jvm/java-8-openjdk-amd64/jre/bin/java
update-alternatives 2021-07-13 20:59:17: run with --install /usr/bin/keytool keytool /usr/lib/jvm/java-8-openjdk-amd64/jre/bin/keytool 1081 --slave /usr/share/man/man1/keytool.1.gz keytool.1.gz /usr/lib/jvm/java-8-openjdk-amd64/jre/man/man1/keytool.1.gz
update-alternatives 2021-07-13 20:59:17: link group keytool updated to point to /usr/lib/jvm/java-8-openjdk-amd64/jre/bin/keytool
update-alternatives 2021-07-13 20:59:17: run with --install /usr/bin/jjs jjs /usr/lib/jvm/java-8-openjdk-amd64/jre/bin/jjs 1081 --slave /usr/share/man/man1/jjs.1.gz jjs.1.gz /usr/lib/jvm/java-8-openjdk-amd64/jre/man/man1/jjs.1.gz
update-alternatives 2021-07-13 20:59:17: link group jjs updated to point to /usr/lib/jvm/java-8-openjdk-amd64/jre/bin/jjs
update-alternatives 2021-07-13 20:59:17: run with --install /usr/bin/pack200 pack200 /usr/lib/jvm/java-8-openjdk-amd64/jre/bin/pack200 1081 --slave /usr/share/man/man1/pack200.1.gz pack200.1.gz /usr/lib/jvm/java-8-openjdk-amd64/jre/man/man1/pack200.1.gz
update-alternatives 2021-07-13 20:59:17: link group pack200 updated to point to /usr/lib/jvm/java-8-openjdk-amd64/jre/bin/pack200
update-alternatives 2021-07-13 20:59:17: run with --install /usr/bin/rmiregistry rmiregistry /usr/lib/jvm/java-8-openjdk-amd64/jre/bin/rmiregistry 1081 --slave /usr/share/man/man1/rmiregistry.1.gz rmiregistry.1.gz /usr/lib/jvm/java-8-openjdk-amd64/jre/man/man1/rmiregistry.1.gz
update-alternatives 2021-07-13 20:59:17: link group rmiregistry updated to point to /usr/lib/jvm/java-8-openjdk-amd64/jre/bin/rmiregistry
update-alternatives 2021-07-13 20:59:17: run with --install /usr/bin/unpack200 unpack200 /usr/lib/jvm/java-8-openjdk-amd64/jre/bin/unpack200 1081 --slave /usr/share/man/man1/unpack200.1.gz unpack200.1.gz /usr/lib/jvm/java-8-openjdk-amd64/jre/man/man1/unpack200.1.gz
update-alternatives 2021-07-13 20:59:17: link group unpack200 updated to point to /usr/lib/jvm/java-8-openjdk-amd64/jre/bin/unpack200
update-alternatives 2021-07-13 20:59:17: run with --install /usr/bin/orbd orbd /usr/lib/jvm/java-8-openjdk-amd64/jre/bin/orbd 1081 --slave /usr/share/man/man1/orbd.1.gz orbd.1.gz /usr/lib/jvm/java-8-openjdk-amd64/jre/man/man1/orbd.1.gz
update-alternatives 2021-07-13 20:59:17: link group orbd updated to point to /usr/lib/jvm/java-8-openjdk-amd64/jre/bin/orbd
update-alternatives 2021-07-13 20:59:17: run with --install /usr/bin/servertool servertool /usr/lib/jvm/java-8-openjdk-amd64/jre/bin/servertool 1081 --slave /usr/share/man/man1/servertool.1.gz servertool.1.gz /usr/lib/jvm/java-8-openjdk-amd64/jre/man/man1/servertool.1.gz
update-alternatives 2021-07-13 20:59:17: link group servertool updated to point to /usr/lib/jvm/java-8-openjdk-amd64/jre/bin/servertool
update-alternatives 2021-07-13 20:59:17: run with --install /usr/bin/tnameserv tnameserv /usr/lib/jvm/java-8-openjdk-amd64/jre/bin/tnameserv 1081 --slave /usr/share/man/man1/tnameserv.1.gz tnameserv.1.gz /usr/lib/jvm/java-8-openjdk-amd64/jre/man/man1/tnameserv.1.gz
update-alternatives 2021-07-13 20:59:17: link group tnameserv updated to point to /usr/lib/jvm/java-8-openjdk-amd64/jre/bin/tnameserv
update-alternatives 2021-07-13 20:59:17: run with --install /usr/bin/jexec jexec /usr/lib/jvm/java-8-openjdk-amd64/jre/lib/jexec 1081 --slave /usr/share/binfmts/jar jexec-binfmt /usr/lib/jvm/java-8-openjdk-amd64/jre/lib/jar.binfmt
update-alternatives 2021-07-13 20:59:17: link group jexec updated to point to /usr/lib/jvm/java-8-openjdk-amd64/jre/lib/jexec
