Jun 13 21:58:53 dxlxctemplatefocal sshd[215]: Server listening on 0.0.0.0 port 22.
Jun 13 21:58:53 dxlxctemplatefocal sshd[215]: Server listening on :: port 22.
Jun 13 21:58:53 dxlxctemplatefocal systemd-logind[206]: New seat seat0.
Jun 13 21:58:57 dxlxctemplatefocal useradd[580]: new user: name=lxd, UID=998, GID=100, home=/var/snap/lxd/common/lxd, shell=/bin/false, from=none
Jun 13 21:58:59 dxlxctemplatefocal chpasswd[775]: pam_unix(chpasswd:chauthtok): password changed for ubuntu
Jun 13 21:58:59 dxlxctemplatefocal sshd[215]: Received signal 15; terminating.
Jun 13 21:59:00 dxlxctemplatefocal userdel[960]: delete user 'ubuntu'
Jun 13 21:59:00 dxlxctemplatefocal userdel[960]: delete 'ubuntu' from group 'adm'
Jun 13 21:59:00 dxlxctemplatefocal userdel[960]: delete 'ubuntu' from group 'dialout'
Jun 13 21:59:00 dxlxctemplatefocal userdel[960]: delete 'ubuntu' from group 'cdrom'
Jun 13 21:59:00 dxlxctemplatefocal userdel[960]: delete 'ubuntu' from group 'floppy'
Jun 13 21:59:00 dxlxctemplatefocal userdel[960]: delete 'ubuntu' from group 'sudo'
Jun 13 21:59:00 dxlxctemplatefocal userdel[960]: delete 'ubuntu' from group 'audio'
Jun 13 21:59:00 dxlxctemplatefocal userdel[960]: delete 'ubuntu' from group 'dip'
Jun 13 21:59:00 dxlxctemplatefocal userdel[960]: delete 'ubuntu' from group 'video'
Jun 13 21:59:00 dxlxctemplatefocal userdel[960]: delete 'ubuntu' from group 'plugdev'
Jun 13 21:59:00 dxlxctemplatefocal userdel[960]: delete 'ubuntu' from group 'netdev'
Jun 13 21:59:00 dxlxctemplatefocal userdel[960]: delete 'ubuntu' from group 'lxd'
Jun 13 21:59:00 dxlxctemplatefocal userdel[960]: removed group 'ubuntu' owned by 'ubuntu'
Jun 13 21:59:00 dxlxctemplatefocal userdel[960]: removed shadow group 'ubuntu' owned by 'ubuntu'
Jun 13 21:59:00 dxlxctemplatefocal userdel[960]: delete 'ubuntu' from shadow group 'adm'
Jun 13 21:59:00 dxlxctemplatefocal userdel[960]: delete 'ubuntu' from shadow group 'dialout'
Jun 13 21:59:00 dxlxctemplatefocal userdel[960]: delete 'ubuntu' from shadow group 'cdrom'
Jun 13 21:59:00 dxlxctemplatefocal userdel[960]: delete 'ubuntu' from shadow group 'floppy'
Jun 13 21:59:00 dxlxctemplatefocal userdel[960]: delete 'ubuntu' from shadow group 'sudo'
Jun 13 21:59:00 dxlxctemplatefocal userdel[960]: delete 'ubuntu' from shadow group 'audio'
Jun 13 21:59:00 dxlxctemplatefocal userdel[960]: delete 'ubuntu' from shadow group 'dip'
Jun 13 21:59:00 dxlxctemplatefocal userdel[960]: delete 'ubuntu' from shadow group 'video'
Jun 13 21:59:00 dxlxctemplatefocal userdel[960]: delete 'ubuntu' from shadow group 'plugdev'
Jun 13 21:59:00 dxlxctemplatefocal userdel[960]: delete 'ubuntu' from shadow group 'netdev'
Jun 13 21:59:00 dxlxctemplatefocal userdel[960]: delete 'ubuntu' from shadow group 'lxd'
Jun 13 21:59:01 dxlxctemplatefocal sudo:     root : TTY=unknown ; PWD=/ ; USER=root ; COMMAND=/usr/bin/tee /etc/sudo.conf
Jun 13 21:59:01 dxlxctemplatefocal sudo: pam_unix(sudo:session): session opened for user root by (uid=0)
Jun 13 21:59:01 dxlxctemplatefocal sudo: pam_unix(sudo:session): session closed for user root
Jun 13 21:59:07 dxlxctemplatefocal useradd[2332]: new group: name=dnanexus, GID=1000
Jun 13 21:59:07 dxlxctemplatefocal useradd[2332]: new user: name=dnanexus, UID=1000, GID=1000, home=/home/dnanexus, shell=/bin/bash, from=none
Jun 13 21:59:09 dxlxctemplatefocal systemd-logind[111]: New seat seat0.
Jun 13 22:00:09 dxlxctemplatefocal systemd-logind[112]: New seat seat0.
Jun 13 22:02:38 dxlxctemplatefocal groupadd[4498]: group added to /etc/group: name=rdma, GID=119
Jun 13 22:02:38 dxlxctemplatefocal groupadd[4498]: group added to /etc/gshadow: name=rdma
Jun 13 22:02:38 dxlxctemplatefocal groupadd[4498]: new group: name=rdma, GID=119
Jun 13 22:02:43 dxlxctemplatefocal groupadd[4700]: group added to /etc/group: name=pcp, GID=998
Jun 13 22:02:43 dxlxctemplatefocal groupadd[4700]: group added to /etc/gshadow: name=pcp
Jun 13 22:02:43 dxlxctemplatefocal groupadd[4700]: new group: name=pcp, GID=998
Jun 13 22:02:43 dxlxctemplatefocal useradd[4707]: new user: name=pcp, UID=997, GID=998, home=/var/lib/pcp, shell=/usr/sbin/nologin, from=none
Jun 13 22:03:13 dxlxctemplatefocal groupadd[24264]: group added to /etc/group: name=docker, GID=997
Jun 13 22:03:13 dxlxctemplatefocal groupadd[24264]: group added to /etc/gshadow: name=docker
Jun 13 22:03:13 dxlxctemplatefocal groupadd[24264]: new group: name=docker, GID=997
Jun 13 22:03:17 dxlxctemplatefocal sudo:     root : TTY=unknown ; PWD=/ ; USER=root ; COMMAND=/usr/sbin/usermod -aG docker dnanexus
Jun 13 22:03:17 dxlxctemplatefocal sudo: pam_unix(sudo:session): session opened for user root by (uid=0)
Jun 13 22:03:17 dxlxctemplatefocal usermod[25646]: add 'dnanexus' to group 'docker'
Jun 13 22:03:17 dxlxctemplatefocal usermod[25646]: add 'dnanexus' to shadow group 'docker'
Jun 13 22:03:17 dxlxctemplatefocal sudo: pam_unix(sudo:session): session closed for user root
Jul 13 20:58:44 localhost sshd[5898]: Server listening on 0.0.0.0 port 22.
Jul 13 20:58:44 localhost sshd[5898]: Server listening on :: port 22.
Jul 13 20:58:51 localhost sudo:     root : TTY=unknown ; PWD=/home/dnanexus ; USER=root ; COMMAND=/usr/bin/find / -not -path /proc* -not -path /tmp* -not -path /run* -not -path /boot* -not -path /home/dnanexus* -not -path /sys* -not -path /var/lib/lxc* -not -path /dev/ptmx -not -path /dev/pts/ptmx -not -path /dev/fuse -not -path /dev/net/tun -not -path /bin -not -path /sbin -not -path /snap*
Jul 13 20:58:51 localhost sudo: pam_unix(sudo:session): session opened for user root by (uid=0)
Jul 13 20:58:56 localhost sudo: pam_unix(sudo:session): session closed for user root
Jul 13 20:58:57 localhost sudo:     root : TTY=unknown ; PWD=/home/dnanexus ; USER=root ; COMMAND=/usr/bin/tar -xzf asset-dl.tar.gz --no-same-owner -C /
Jul 13 20:58:57 localhost sudo: pam_unix(sudo:session): session opened for user root by (uid=0)
Jul 13 20:58:58 localhost sudo: pam_unix(sudo:session): session closed for user root
Jul 13 20:59:18 localhost sudo:     root : TTY=unknown ; PWD=/home/dnanexus ; USER=root ; COMMAND=/usr/bin/find / -not -path /proc* -not -path /tmp* -not -path /run* -not -path /boot* -not -path /home/dnanexus* -not -path /sys* -not -path /var/lib/lxc* -not -path /dev/ptmx -not -path /dev/pts/ptmx -not -path /dev/fuse -not -path /dev/net/tun -not -path /bin -not -path /sbin -not -path /snap*
Jul 13 20:59:18 localhost sudo: pam_unix(sudo:session): session opened for user root by (uid=0)
Jul 13 20:59:19 localhost sudo: pam_unix(sudo:session): session closed for user root
Jul 13 20:59:20 localhost sudo:     root : TTY=unknown ; PWD=/home/dnanexus ; USER=root ; COMMAND=/usr/bin/comm -13 /tmp/before-sorted.txt /tmp/after-sorted.txt
Jul 13 20:59:20 localhost sudo: pam_unix(sudo:session): session opened for user root by (uid=0)
Jul 13 20:59:20 localhost sudo: pam_unix(sudo:session): session closed for user root
